# JRE version: OpenJDK Runtime Environment (17.0.10) (build 17.0.10+0--11572160)
# Java VM: OpenJDK 64-Bit Server VM (17.0.10+0--11572160, mixed mode, tiered, compressed oops, compressed class ptrs, g1 gc, windows-amd64)
GC Precious Log:
 CPUs: 8 total, 8 available
 Memory: 7999M
 Large Page Support: Disabled
 NUMA Support: Disabled
 Compressed Oops: Enabled (32-bit)
 Heap Region Size: 1M
 Heap Min Capacity: 8M
 Heap Initial Capacity: 126M
 Heap Max Capacity: 2G
 Pre-touch: Disabled
 Parallel Workers: 8
 Concurrent Workers: 2
 Concurrent Refinement Workers: 8
 Periodic GC: Disabled
Heap:
 garbage-first heap   total 350208K, used 141004K [0x0000000080000000, 0x0000000100000000)
  region size 1024K, 2 young (2048K), 2 survivors (2048K)
 Metaspace       used 108115K, committed 108928K, reserved 1179648K
  class space    used 14514K, committed 14912K, reserved 1048576K
GC Heap History (20 events):
Event: 121.687 GC heap after
{Heap after GC invocations=30 (full 0):
 garbage-first heap   total 233472K, used 120939K [0x0000000080000000, 0x0000000100000000)
  region size 1024K, 3 young (3072K), 3 survivors (3072K)
 Metaspace       used 98969K, committed 99648K, reserved 1179648K
  class space    used 13394K, committed 13696K, reserved 1048576K
}
Event: 122.334 GC heap before
{Heap before GC invocations=30 (full 0):
 garbage-first heap   total 233472K, used 128107K [0x0000000080000000, 0x0000000100000000)
  region size 1024K, 11 young (11264K), 3 survivors (3072K)
 Metaspace       used 98983K, committed 99648K, reserved 1179648K
  class space    used 13395K, committed 13696K, reserved 1048576K
}
Event: 122.381 GC heap after
{Heap after GC invocations=31 (full 0):
 garbage-first heap   total 233472K, used 120479K [0x0000000080000000, 0x0000000100000000)
  region size 1024K, 1 young (1024K), 1 survivors (1024K)
 Metaspace       used 98983K, committed 99648K, reserved 1179648K
  class space    used 13395K, committed 13696K, reserved 1048576K
}
Event: 134.372 GC heap before
{Heap before GC invocations=31 (full 0):
 garbage-first heap   total 233472K, used 216735K [0x0000000080000000, 0x0000000100000000)
  region size 1024K, 73 young (74752K), 1 survivors (1024K)
 Metaspace       used 105701K, committed 106496K, reserved 1179648K
  class space    used 14266K, committed 14656K, reserved 1048576K
}
Event: 134.472 GC heap after
{Heap after GC invocations=32 (full 0):
 garbage-first heap   total 349184K, used 143646K [0x0000000080000000, 0x0000000100000000)
  region size 1024K, 7 young (7168K), 7 survivors (7168K)
 Metaspace       used 105701K, committed 106496K, reserved 1179648K
  class space    used 14266K, committed 14656K, reserved 1048576K
}
Event: 469.350 GC heap before
{Heap before GC invocations=33 (full 0):
 garbage-first heap   total 349184K, used 332062K [0x0000000080000000, 0x0000000100000000)
  region size 1024K, 95 young (97280K), 7 survivors (7168K)
 Metaspace       used 107542K, committed 108352K, reserved 1179648K
  class space    used 14483K, committed 14848K, reserved 1048576K
}
Event: 469.775 GC heap after
{Heap after GC invocations=34 (full 0):
 garbage-first heap   total 350208K, used 134427K [0x0000000080000000, 0x0000000100000000)
  region size 1024K, 15 young (15360K), 15 survivors (15360K)
 Metaspace       used 107542K, committed 108352K, reserved 1179648K
  class space    used 14483K, committed 14848K, reserved 1048576K
}
Event: 470.120 GC heap before
{Heap before GC invocations=34 (full 0):
 garbage-first heap   total 350208K, used 135451K [0x0000000080000000, 0x0000000100000000)
  region size 1024K, 17 young (17408K), 15 survivors (15360K)
 Metaspace       used 107549K, committed 108352K, reserved 1179648K
  class space    used 14483K, committed 14848K, reserved 1048576K
}
Event: 470.705 GC heap after
{Heap after GC invocations=35 (full 0):
 garbage-first heap   total 350208K, used 134241K [0x0000000080000000, 0x0000000100000000)
  region size 1024K, 1 young (1024K), 1 survivors (1024K)
 Metaspace       used 107549K, committed 108352K, reserved 1179648K
  class space    used 14483K, committed 14848K, reserved 1048576K
}
Event: 473.169 GC heap before
{Heap before GC invocations=35 (full 0):
 garbage-first heap   total 350208K, used 162913K [0x0000000080000000, 0x0000000100000000)
  region size 1024K, 29 young (29696K), 1 survivors (1024K)
 Metaspace       used 107602K, committed 108352K, reserved 1179648K
  class space    used 14483K, committed 14848K, reserved 1048576K
}
Event: 473.244 GC heap after
{Heap after GC invocations=36 (full 0):
 garbage-first heap   total 350208K, used 137012K [0x0000000080000000, 0x0000000100000000)
  region size 1024K, 4 young (4096K), 4 survivors (4096K)
 Metaspace       used 107602K, committed 108352K, reserved 1179648K
  class space    used 14483K, committed 14848K, reserved 1048576K
}
Event: 476.157 GC heap before
{Heap before GC invocations=36 (full 0):
 garbage-first heap   total 350208K, used 169780K [0x0000000080000000, 0x0000000100000000)
  region size 1024K, 36 young (36864K), 4 survivors (4096K)
 Metaspace       used 107699K, committed 108480K, reserved 1179648K
  class space    used 14485K, committed 14848K, reserved 1048576K
}
Event: 476.292 GC heap after
{Heap after GC invocations=37 (full 0):
 garbage-first heap   total 350208K, used 139901K [0x0000000080000000, 0x0000000100000000)
  region size 1024K, 4 young (4096K), 4 survivors (4096K)
 Metaspace       used 107699K, committed 108480K, reserved 1179648K
  class space    used 14485K, committed 14848K, reserved 1048576K
}
Event: 938.149 GC heap before
{Heap before GC invocations=38 (full 0):
 garbage-first heap   total 350208K, used 310909K [0x0000000080000000, 0x0000000100000000)
  region size 1024K, 50 young (51200K), 4 survivors (4096K)
 Metaspace       used 107905K, committed 108672K, reserved 1179648K
  class space    used 14498K, committed 14848K, reserved 1048576K
}
Event: 938.617 GC heap after
{Heap after GC invocations=39 (full 0):
 garbage-first heap   total 350208K, used 141822K [0x0000000080000000, 0x0000000100000000)
  region size 1024K, 5 young (5120K), 5 survivors (5120K)
 Metaspace       used 107905K, committed 108672K, reserved 1179648K
  class space    used 14498K, committed 14848K, reserved 1048576K
}
Event: 1334.179 GC heap before
{Heap before GC invocations=39 (full 0):
 garbage-first heap   total 350208K, used 154110K [0x0000000080000000, 0x0000000100000000)
  region size 1024K, 17 young (17408K), 5 survivors (5120K)
 Metaspace       used 107969K, committed 108736K, reserved 1179648K
  class space    used 14500K, committed 14848K, reserved 1048576K
}
Event: 1334.614 GC heap after
{Heap after GC invocations=40 (full 0):
 garbage-first heap   total 350208K, used 139272K [0x0000000080000000, 0x0000000100000000)
  region size 1024K, 1 young (1024K), 1 survivors (1024K)
 Metaspace       used 107969K, committed 108736K, reserved 1179648K
  class space    used 14500K, committed 14848K, reserved 1048576K
}
Event: 1339.287 GC heap before
{Heap before GC invocations=40 (full 0):
 garbage-first heap   total 350208K, used 154632K [0x0000000080000000, 0x0000000100000000)
  region size 1024K, 17 young (17408K), 1 survivors (1024K)
 Metaspace       used 108056K, committed 108864K, reserved 1179648K
  class space    used 14513K, committed 14912K, reserved 1048576K
}
Event: 1339.513 GC heap after
{Heap after GC invocations=41 (full 0):
 garbage-first heap   total 350208K, used 140967K [0x0000000080000000, 0x0000000100000000)
  region size 1024K, 3 young (3072K), 3 survivors (3072K)
 Metaspace       used 108056K, committed 108864K, reserved 1179648K
  class space    used 14513K, committed 14912K, reserved 1048576K
}
Event: 1340.781 GC heap before
{Heap before GC invocations=41 (full 0):
 garbage-first heap   total 350208K, used 154279K [0x0000000080000000, 0x0000000100000000)
  region size 1024K, 17 young (17408K), 3 survivors (3072K)
 Metaspace       used 108115K, committed 108928K, reserved 1179648K
  class space    used 14514K, committed 14912K, reserved 1048576K
}

